2019-11-08T04:11:00    86237  SEQ        Pointing     Map(Az/D)   T-Cep                     2018-S1-MU-45                   86.2434    -4      78.5  317.382430  68.490886  339.8  30.1  237.6 0
2019-11-08T04:10:37    86236  SEQ        Calibration  Cal         T-Cep                     2018-S1-MU-45                   86.2434    -4       5.0  317.382430  68.490886  339.9  30.2  237.6 0
2019-11-08T03:43:24    86235  SEQ        Science      Map(Ra/C)   L1157-B1                  2018-S1-MU-45                   95.9550     3    1025.3  309.792500  68.019583  339.1  30.0  0 0
2019-11-08T03:43:04    86234  SEQ        Calibration  Cal         L1157-B1                  2018-S1-MU-45                   95.9550     3       5.0  309.792500  68.019583  339.2  30.1  0 0
2019-11-08T03:39:32    86233  SEQ        Pointing     Map(Az/D)   T-Cep                     2018-S1-MU-45                   86.2434    -4      78.4  317.382430  68.490886  341.5  32.5  237.6 0
2019-11-08T03:39:09    86232  SEQ        Calibration  Cal         T-Cep                     2018-S1-MU-45                   86.2434    -4       5.0  317.382430  68.490886  341.6  32.7  237.6 0
2019-11-08T03:12:17    86231  SEQ        Science      Map(Ra/C)   L1157-B1                  2018-S1-MU-45                   95.9550     3    1025.3  309.792500  68.019583  340.8  32.6  0 0
2019-11-08T03:11:56    86230  SEQ        Calibration  Cal         L1157-B1                  2018-S1-MU-45                   95.9550     3       5.0  309.792500  68.019583  340.8  32.6  0 0
2019-11-08T03:08:18    86229  SEQ        Pointing     Map(Az/D)   T-Cep                     2018-S1-MU-45                   86.2434    -4      77.8  317.382430  68.490886  343.6  34.8  237.6 0
2019-11-08T03:07:57    86228  SEQ        Calibration  Cal         T-Cep                     2018-S1-MU-45                   86.2434    -4       5.0  317.382430  68.490886  343.9  35.0  237.6 0
2019-11-07T03:40:12    86086  SEQ        Science      Map(Ra/C)   L1157-B1                  2018-S1-MU-45                   95.9550     3    1025.3  309.792500  68.019583  339.5  30.6  0 0
2019-11-07T03:39:51    86085  SEQ        Calibration  Cal         L1157-B1                  2018-S1-MU-45                   95.9550     3       5.0  309.792500  68.019583  339.5  30.7  0 0
2019-11-07T03:36:10    86084  SEQ        Pointing     Map(Az/D)   T-Cep                     2018-S1-MU-45                   86.2434    -4      77.5  317.382430  68.490886  341.9  33.1  237.6 0
2019-11-07T03:35:48    86083  SEQ        Calibration  Cal         T-Cep                     2018-S1-MU-45                   86.2434    -4       5.0  317.382430  68.490886  342.1  33.2  237.6 0
2019-11-07T03:08:50    86082  SEQ        Science      Map(Ra/C)   L1157-B1                  2018-S1-MU-45                   95.9550     3    1025.4  309.792500  68.019583  341.3  33.1  0 0
2019-11-07T03:08:27    86081  SEQ        Calibration  Cal         L1157-B1                  2018-S1-MU-45                   95.9550     3       5.0  309.792500  68.019583  341.3  33.2  0 0
2019-11-07T03:04:46    86080  SEQ        Pointing     Map(Az/D)   T-Cep                     2018-S1-MU-45                   86.2434    -4      77.0  317.382430  68.490886  344.2  35.2  237.6 0
2019-11-07T03:04:26    86079  SEQ        Calibration  Cal         T-Cep                     2018-S1-MU-45                   86.2434    -4       5.0  317.382430  68.490886  344.3  35.3  237.6 0
2019-11-07T03:00:34    86078  SEQ        Pointing     Map(Az/D)   T-Cep                     2018-S1-MU-45                   86.2434    -4      78.0  317.382430  68.490886  344.6  35.5  237.6 0
2019-11-07T03:00:12    86077  SEQ        Calibration  Cal         T-Cep                     2018-S1-MU-45                   86.2434    -4       5.0  317.382430  68.490886  344.9  35.8  237.6 0
2019-11-06T04:42:24    85992  SEQ        Science      Map(Ra/C)   L1157-B1                  2018-S1-MU-45                   95.9550     3    1025.3  309.792500  68.019583  337.4  25.5  0 0
2019-11-06T04:42:02    85991  SEQ        Calibration  Cal         L1157-B1                  2018-S1-MU-45                   95.9550     3       5.0  309.792500  68.019583  337.4  25.6  0 0
2019-11-06T04:38:37    85990  SEQ        Pointing     Map(Az/D)   T-Cep                     2018-S1-MU-45                   86.2434    -4      77.3  317.382430  68.490886  338.9  28.4  237.6 0
2019-11-06T04:38:17    85989  SEQ        Calibration  Cal         T-Cep                     2018-S1-MU-45                   86.2434    -4       5.0  317.382430  68.490886  339.0  28.6  237.6 0
2019-11-06T04:11:10    85988  SEQ        Science      Map(Ra/C)   L1157-B1                  2018-S1-MU-45                   95.9550     3    1025.3  309.792500  68.019583  338.3  28.3  0 0
2019-11-06T04:10:49    85987  SEQ        Calibration  Cal         L1157-B1                  2018-S1-MU-45                   95.9550     3       5.0  309.792500  68.019583  338.3  28.4  0 0
2019-11-06T04:07:10    85986  SEQ        Pointing     Map(Az/D)   T-Cep                     2018-S1-MU-45                   86.2434    -4      77.0  317.382430  68.490886  340.4  31.0  237.6 0
2019-11-06T04:06:48    85985  SEQ        Calibration  Cal         T-Cep                     2018-S1-MU-45                   86.2434    -4       5.0  317.382430  68.490886  340.5  31.2  237.6 0
2019-11-06T03:39:58    85984  SEQ        Science      Map(Ra/C)   L1157-B1                  2018-S1-MU-45                   95.9550     3    1025.3  309.792500  68.019583  339.7  31.0  0 0
2019-11-06T03:39:38    85983  SEQ        Calibration  Cal         L1157-B1                  2018-S1-MU-45                   95.9550     3       5.0  309.792500  68.019583  339.7  31.0  0 0
2019-11-06T03:36:04    85982  SEQ        Pointing     Map(Az/D)   T-Cep                     2018-S1-MU-45                   86.2434    -4      77.8  317.382430  68.490886  342.2  33.4  237.6 0
2019-11-06T03:35:43    85981  SEQ        Calibration  Cal         T-Cep                     2018-S1-MU-45                   86.2434    -4       5.0  317.382430  68.490886  342.2  33.4  237.6 0
2019-11-06T03:32:03    85980  SEQ        Pointing     Map(Az/D)   T-Cep                     2018-S1-MU-45                   86.2434    -4      77.6  317.382430  68.490886  342.5  33.7  237.6 0
2019-11-06T03:31:43    85979  SEQ        Calibration  Cal         T-Cep                     2018-S1-MU-45                   86.2434    -4       5.0  317.382430  68.490886  342.8  33.9  237.6 0
2019-07-04T10:16:47    84760  SEQ        Science      Map(Ra/D)   L1157-B1                  2018-S1-MU-45                   95.9550     3    1360.4  309.792500  68.019583  346.7  37.6  0 0
2019-07-04T10:16:27    84759  SEQ        Calibration  Cal         L1157-B1                  2018-S1-MU-45                   95.9550     3       5.0  309.792500  68.019583  346.8  37.6  0 0
2019-07-04T10:12:59    84758  SEQ        Pointing     Map(Az/D)   T-Cep                     2018-S1-MU-45                   86.2434    -4      79.2  317.382430  68.490886  350.5  38.8  237.6 0
2019-07-04T10:12:39    84757  SEQ        Calibration  Cal         T-Cep                     2018-S1-MU-45                   86.2434    -4       5.0  317.382430  68.490886  350.6  38.8  237.6 0
2019-07-04T08:59:38    84756  SEQ        Science      Map(Ra/D)   L1157-B1                  2018-S1-MU-45                   95.9550     3    1360.7  309.792500  68.019583  355.2  40.5  0 0
2019-07-04T08:59:18    84755  SEQ        Calibration  Cal         L1157-B1                  2018-S1-MU-45                   95.9550     3       5.0  309.792500  68.019583  355.2  40.5  0 0
2019-07-04T08:56:02    84754  SEQ        Pointing     Map(Az/D)   T-Cep                     2018-S1-MU-45                   86.2434    -4      78.9  317.382430  68.490886  359.4  40.4  237.6 0
2019-07-04T08:55:41    84753  SEQ        Calibration  Cal         T-Cep                     2018-S1-MU-45                   86.2434    -4       5.0  317.382430  68.490886  359.4  40.4  237.6 0
2019-07-04T07:51:18    84752  SEQ        Science      Map(Ra/D)   L1157-B1                  2018-S1-MU-45                   95.9550     3    1355.5  309.792500  68.019583    3.6  40.7  0 0
2019-07-04T07:50:58    84751  SEQ        Calibration  Cal         L1157-B1                  2018-S1-MU-45                   95.9550     3       5.0  309.792500  68.019583    3.8  40.7  0 0
2019-07-04T07:46:06    84750  SEQ        Pointing     Map(Az/D)   T-Cep                     2018-S1-MU-45                   86.2434    -4      80.2  317.382430  68.490886    7.6  39.4  237.6 0
2019-07-04T07:45:46    84749  SEQ        Calibration  Cal         T-Cep                     2018-S1-MU-45                   86.2434    -4       5.0  317.382430  68.490886    7.6  39.4  237.6 0
2019-07-04T06:30:41    84748  SEQ        Science      Map(Ra/D)   L1157-B1                  2018-S1-MU-45                   95.9550     3    1358.4  309.792500  68.019583   12.6  37.9  0 0
2019-07-04T06:30:21    84747  SEQ        Calibration  Cal         L1157-B1                  2018-S1-MU-45                   95.9550     3       5.0  309.792500  68.019583   12.8  37.8  0 0
2019-07-04T06:25:17    84746  SEQ        Pointing     Map(Az/D)   T-Cep                     2018-S1-MU-45                   86.2434    -4      79.4  317.382430  68.490886   15.5  35.5  237.6 0
2019-07-04T06:24:55    84745  SEQ        Calibration  Cal         T-Cep                     2018-S1-MU-45                   86.2434    -4       5.0  317.382430  68.490886   15.5  35.5  237.6 0
2019-07-04T05:09:26    84744  SEQ        Science      Map(Ra/D)   L1157-B1                  2018-S1-MU-45                   95.9550     3    1358.5  309.792500  68.019583   19.2  32.6  0 0
2019-07-04T05:09:05    84743  SEQ        Calibration  Cal         L1157-B1                  2018-S1-MU-45                   95.9550     3       5.0  309.792500  68.019583   19.3  32.4  0 0
2019-07-04T04:59:18    84742  SEQ        Pointing     Map(Az/D)   T-Cep                     2018-S1-MU-45                   86.2434    -4      79.5  317.382430  68.490886   20.8  29.1  237.6 0
2019-07-04T04:58:56    84741  SEQ        Calibration  Cal         T-Cep                     2018-S1-MU-45                   86.2434    -4       5.0  317.382430  68.490886   20.9  28.7  237.6 0
2019-06-07T11:37:35    84683  SEQ        Science      Map(Ra/D)   L1157-B1                  2018-S1-MU-45                   95.9550     3     662.2  309.792500  68.019583  349.3  38.8  0 0
2019-06-07T11:37:15    84682  SEQ        Calibration  Cal         L1157-B1                  2018-S1-MU-45                   95.9550     3       5.0  309.792500  68.019583  349.3  38.9  0 0
2019-06-07T11:33:51    84681  SEQ        Pointing     Map(Az/D)   T-Cep                     2018-S1-MU-45                   86.2434    -4      80.1  317.382430  68.490886  353.3  39.6  237.6 0
2019-06-07T11:33:31    84680  SEQ        Calibration  Cal         T-Cep                     2018-S1-MU-45                   86.2434    -4       5.0  317.382430  68.490886  353.3  39.6  237.6 0
2019-06-07T11:30:00    84679  SEQ        Pointing     Map(Az/D)   T-Cep                     2018-S1-MU-45                   86.2434    -4      79.5  317.382430  68.490886  353.7  39.7  237.6 0
2019-06-07T11:29:40    84678  SEQ        Calibration  Cal         T-Cep                     2018-S1-MU-45                   86.2434    -4       5.0  317.382430  68.490886  353.9  39.8  237.6 0
2019-06-07T10:44:51    84655  SEQ        Pointing     Map(Az/D)   T-Cep                     2018-S1-MU-45                   86.2434    -4      80.8  317.382430  68.490886  359.1  40.4  237.6 0
2019-06-07T10:44:30    84654  SEQ        Calibration  Cal         T-Cep                     2018-S1-MU-45                   86.2434    -4       5.0  317.382430  68.490886  359.3  40.4  237.6 0
2019-05-30T10:38:25    84475  SEQ        Science      Map(Ra/D)   L1157-B1                  2018-S1-MU-45                   95.9550     3    1396.9  309.792500  68.019583  360.0  40.9  0 0
2019-05-30T10:38:04    84474  SEQ        Calibration  Cal         L1157-B1                  2018-S1-MU-45                   95.9550     3       5.0  309.792500  68.019583    0.0  40.9  0 0
2019-05-30T10:34:43    84473  SEQ        Pointing     Map(Az/D)   T-Cep                     2018-S1-MU-45                   86.2434    -4      80.7  317.382430  68.490886    4.0  40.1  237.6 0
2019-05-30T10:34:22    84472  SEQ        Calibration  Cal         T-Cep                     2018-S1-MU-45                   86.2434    -4       5.0  317.382430  68.490886    4.1  40.1  237.6 0
2019-05-30T10:29:12    84471  SEQ        Pointing     Map(Az/D)   T-Cep                     2018-S1-MU-45                   86.2434    -4      79.2  317.382430  68.490886    4.7  40.0  237.6 0
2019-05-30T10:28:52    84470  SEQ        Calibration  Cal         T-Cep                     2018-S1-MU-45                   86.2434    -4       5.0  317.382430  68.490886    4.9  40.0  237.6 0
# Y-M-D   T H:M:S     ObsNum  Receiver   ObsGoal      ObgPgm      SourceName                ProjectId                   RestFreq      VLSR    TINT    RA          DEC        AZ     EL
